<?xml version="1.0" encoding="UTF-8"?>
<!-- Generated by org.testng.reporters.JUnitXMLReporter -->
<testsuite ignored="0" hostname="LAPTOP-UG5S8S2B" failures="0" tests="7" name="Test" time="0.093" errors="0" timestamp="2021-02-11T09:17:14 IST">
  <testcase classname="udemymaven.AppiumTest" name="IosApp" time="0.01"/>
  <testcase classname="udemymaven.AppiumTest" name="MobileLogin" time="0.0"/>
  <testcase classname="udemymaven.AppiumTest" name="NativeApp" time="0.0"/>
  <testcase classname="udemymaven.RESTAPITest" name="afterJira" time="0.0"/>
  <testcase classname="udemymaven.RESTAPITest" name="deleteCache" time="0.0"/>
  <testcase classname="udemymaven.SeleniumTest" name="BrowserAutomation" time="0.0"/>
  <testcase classname="udemymaven.SeleniumTest" name="elementsUI" time="0.0"/>
</testsuite> <!-- Test -->
