<?xml version="1.0" encoding="UTF-8"?>
<testng-results ignored="0" total="7" passed="7" failed="0" skipped="0">
  <reporter-output>
  </reporter-output>
  <suite started-at="2021-02-11T09:17:14 IST" name="Suite" finished-at="2021-02-11T09:17:14 IST" duration-ms="93">
    <groups>
    </groups>
    <test started-at="2021-02-11T09:17:14 IST" name="Test" finished-at="2021-02-11T09:17:14 IST" duration-ms="93">
      <class name="udemymaven.RESTAPITest">
        <test-method signature="afterJira()[pri:0, instance:udemymaven.RESTAPITest@56a6d5a6]" started-at="2021-02-11T09:17:14 IST" name="afterJira" finished-at="2021-02-11T09:17:14 IST" duration-ms="0" status="PASS">
          <reporter-output>
          </reporter-output>
        </test-method> <!-- afterJira -->
        <test-method signature="deleteCache()[pri:0, instance:udemymaven.RESTAPITest@56a6d5a6]" started-at="2021-02-11T09:17:14 IST" name="deleteCache" finished-at="2021-02-11T09:17:14 IST" duration-ms="0" status="PASS">
          <reporter-output>
          </reporter-output>
        </test-method> <!-- deleteCache -->
      </class> <!-- udemymaven.RESTAPITest -->
      <class name="udemymaven.SeleniumTest">
        <test-method signature="elementsUI()[pri:0, instance:udemymaven.SeleniumTest@18ce0030]" started-at="2021-02-11T09:17:14 IST" name="elementsUI" finished-at="2021-02-11T09:17:14 IST" duration-ms="0" status="PASS">
          <reporter-output>
          </reporter-output>
        </test-method> <!-- elementsUI -->
        <test-method signature="BrowserAutomation()[pri:0, instance:udemymaven.SeleniumTest@18ce0030]" started-at="2021-02-11T09:17:14 IST" name="BrowserAutomation" finished-at="2021-02-11T09:17:14 IST" duration-ms="0" status="PASS">
          <reporter-output>
          </reporter-output>
        </test-method> <!-- BrowserAutomation -->
      </class> <!-- udemymaven.SeleniumTest -->
      <class name="udemymaven.AppiumTest">
        <test-method signature="IosApp()[pri:0, instance:udemymaven.AppiumTest@309e345f]" started-at="2021-02-11T09:17:14 IST" name="IosApp" finished-at="2021-02-11T09:17:14 IST" duration-ms="10" status="PASS">
          <reporter-output>
          </reporter-output>
        </test-method> <!-- IosApp -->
        <test-method signature="NativeApp()[pri:0, instance:udemymaven.AppiumTest@309e345f]" started-at="2021-02-11T09:17:14 IST" name="NativeApp" finished-at="2021-02-11T09:17:14 IST" duration-ms="0" status="PASS">
          <reporter-output>
          </reporter-output>
        </test-method> <!-- NativeApp -->
        <test-method signature="MobileLogin()[pri:0, instance:udemymaven.AppiumTest@309e345f]" started-at="2021-02-11T09:17:14 IST" name="MobileLogin" finished-at="2021-02-11T09:17:14 IST" duration-ms="0" status="PASS">
          <reporter-output>
          </reporter-output>
        </test-method> <!-- MobileLogin -->
      </class> <!-- udemymaven.AppiumTest -->
    </test> <!-- Test -->
  </suite> <!-- Suite -->
</testng-results>
