<?xml version="1.0" encoding="UTF-8"?>
<testng-results ignored="1" total="2" passed="1" failed="0" skipped="0">
  <reporter-output>
  </reporter-output>
  <suite started-at="2021-02-05T12:02:33 IST" name="Default suite" finished-at="2021-02-05T12:02:33 IST" duration-ms="147">
    <groups>
    </groups>
    <test started-at="2021-02-05T12:02:33 IST" name="Default test" finished-at="2021-02-05T12:02:33 IST" duration-ms="147">
      <class name="udemymaven.RESTAPITest">
        <test-method signature="NativeApp()[pri:0, instance:udemymaven.RESTAPITest@654f0d9c]" started-at="2021-02-05T12:02:33 IST" name="NativeApp" finished-at="2021-02-05T12:02:33 IST" duration-ms="26" status="PASS">
          <reporter-output>
          </reporter-output>
        </test-method> <!-- NativeApp -->
      </class> <!-- udemymaven.RESTAPITest -->
    </test> <!-- Default test -->
  </suite> <!-- Default suite -->
</testng-results>
